2024-04-24 19:16:11 info: Congratulations, your extension "Embold" is now active!
2024-04-24 19:16:11 info: tempDirectory : c:\Users\aldya\.vscode\extensions\embold-vscode.embold-0.1.8\temp
2024-04-24 19:16:17 info: Extraction complete for source: c:\Users\aldya\.vscode\extensions\embold-vscode.embold-0.1.8\resources\embold-scanner-archive.zip, destination: c:\Users\aldya\.vscode\extensions\embold-vscode.embold-0.1.8\temp
2024-04-24 19:16:17 info: Extension installed on machine OS : win32
2024-04-24 19:16:17 info: Fetched the issues from DB
2024-04-24 19:16:18 info: Java version installed on machine : 
java version "20.0.1" 2023-04-18
Java(TM) SE Runtime Environment (build 20.0.1+9-29)
Java HotSpot(TM) 64-Bit Server VM (build 20.0.1+9-29, mixed mode, sharing)

2024-04-24 19:16:18 info: Java installed on machine.
2024-04-24 19:16:18 info: Embold extension version response:{"hasSupport":false,"version":"0.1.6","changeNotes":"<div> <p>Release Date: 09 Oct, 2023 <br><span>Bug fixes and improvements.</span></p> </div>"}
2024-04-24 19:16:18 info: Current installed embold extension version : 0.1.8
2024-04-24 19:16:18 info: Latest embold extension version on marketplace : 0.1.6
2024-04-24 19:17:15 info: Row(s) deleted
2024-04-24 19:17:29 info: Row(s) deleted
2024-04-24 19:17:40 info: Row(s) deleted
2024-04-24 19:17:48 info: Row(s) deleted
2024-04-24 19:18:39 info: Row(s) deleted
2024-04-24 19:35:23 info: Congratulations, your extension "Embold" is now active!
2024-04-24 19:35:23 info: tempDirectory : c:\Users\aldya\.vscode\extensions\embold-vscode.embold-0.1.8\temp
2024-04-24 19:35:32 info: Extraction complete for source: c:\Users\aldya\.vscode\extensions\embold-vscode.embold-0.1.8\resources\embold-scanner-archive.zip, destination: c:\Users\aldya\.vscode\extensions\embold-vscode.embold-0.1.8\temp
2024-04-24 19:35:32 info: Extension installed on machine OS : win32
2024-04-24 19:35:32 info: Fetched the issues from DB
2024-04-24 19:35:33 info: Java version installed on machine : 
java version "20.0.1" 2023-04-18
Java(TM) SE Runtime Environment (build 20.0.1+9-29)
Java HotSpot(TM) 64-Bit Server VM (build 20.0.1+9-29, mixed mode, sharing)

2024-04-24 19:35:33 info: Java installed on machine.
2024-04-24 19:35:33 info: Embold extension version response:{"hasSupport":false,"version":"0.1.6","changeNotes":"<div> <p>Release Date: 09 Oct, 2023 <br><span>Bug fixes and improvements.</span></p> </div>"}
2024-04-24 19:35:33 info: Current installed embold extension version : 0.1.8
2024-04-24 19:35:33 info: Latest embold extension version on marketplace : 0.1.6
2024-04-24 20:43:22 info: Row(s) deleted
2024-04-24 21:07:02 info: Row(s) deleted
2024-04-24 21:08:27 info: Row(s) deleted
2024-04-24 21:15:31 info: Row(s) deleted
2024-04-24 21:15:41 info: Row(s) deleted
2024-04-24 21:15:47 info: Row(s) deleted
2024-04-24 21:15:48 info: Row(s) deleted
2024-04-24 21:19:13 info: Row(s) deleted
2024-04-24 21:19:13 info: Row(s) deleted
2024-04-24 21:19:13 info: Row(s) deleted
2024-04-24 21:27:30 info: Row(s) deleted
2024-04-24 22:33:13 info: Row(s) deleted
2024-04-24 22:57:17 info: Row(s) deleted
2024-04-24 22:57:17 info: Row(s) deleted
2024-04-24 23:27:47 info: Row(s) deleted
2024-04-24 23:42:39 info: Row(s) deleted
2024-04-24 23:42:47 info: Row(s) deleted
2024-04-24 23:43:46 info: Row(s) deleted
2024-04-24 23:43:47 info: Row(s) deleted
